<<<<<<<<<<<<<<<<<<<<<<<<<<<<<<<<<<<<<<<<<<<<<<<<< 47.73 fps
<<<<<<<<<<<<<<<<<<<<<<<<<<<<<<<<<<<<<<<<<<<<<<<<<< 48.86 fps
<<<<<<<<<<<<<<<<<<<<<<<<<<<<<<<<<<<<<<<<<< 46.91 fps, dropped buffers: 1
<<<<<<<<<<<<<<<<<<<<<<<<<<<<<<<<<<<<<<<<< 45.69 fps, dropped buffers: 1
<<<<<<<<<<<<<<<<<<<<<<<<<<<<<<<<<<<<<<<<<<<< 45.19 fps, dropped buffers: 1
<<<<<<<<<<<<<<<<<<<<<<<<<<<<<<<<<<<<<<<< 44.69 fps, dropped buffers: 1
<<<<<<<<<<<<<<<<<<<<<<<<<<<<<<<<<<<<<<<<<< 43.59 fps, dropped buffers: 1
<<<<<<<<<<<<<<<<<<<<<<<<<<<<<<<<<<<<<<<<<<<<<<<<<< 43.59 fps
<<<<<<<<<<<<<<<<<<<<<<<<<<<<<<<<<<<<<<<<<<<<<<<<<< 44.69 fps
<<<<<<<<<<<<<<<<<<<<<<<<<<<<<<<<<<<<<<<<<<<<<<<<<< 46.02 fps
<<<<<<<<<<<<<<<<<<<<<<<<<<<<<<<<<<<<<<<<<<<<<<<<<< 48.59 fps
<<<<<<<<<<<<<<<<<<<<<<<<<<<<<<<<<<<<<<<<<<<<<<<<<< 50.00 fps
<<<<<<<<<<<<<<<<<<<<<<<<<<<<<<<<<<<<<<<<<<<<<<<<<< 50.00 fps
<<<<<<<<<<<<<<<<<<<<<<<<<<<<<<<<<<<<<<<<<<<<<<<<<< 50.00 fps
<<<<<<<<<<<<<<<<<<<<<<<<<<<<<<<<<<<<<<<<<<<<<<<<<< 50.00 fps
<<<<<<<<<<<<<<<<<<<<<<<<<<<<<<<<<<<<<<<<<<<<<<<<<< 50.00 fps
<<<<<<<<<<<<<<<<<<<<<<<<<<<<<<<<<<<<<<<<<<< 48.66 fps, dropped buffers: 1
<<<<<<<<<<<<<<<<<<<<<<<<<<<<<<<<<<<<<<<<<<<<<<<<<< 47.32 fps, dropped buffers: 1
<<<<<<<<<<<<<<<<<<<<<<<<<<<<<<<<<<<<<<<<<< 47.33 fps
<<<<<<<<<<<<<<<<<<<<<<<<<<<<<<<<<<<<<<<<<<<<<<<<<< 47.33 fps
<<<<<<<<<<<<<<<<<<<<<<<<<<<<<<<<<<<<<<<<<<<<<<<<<< 47.33 fps
<<<<<<<<<<<<<<<<<<<<<<<<<<<<<<<<<<<<<<<<<< 47.27 fps, dropped buffers: 1
<<<<<<<<<<<<<<<<<<<<<<<<<<<<<<<<<<<<<<<<< 45.85 fps, dropped buffers: 1
<<<<<<<<<<<<<<<<<<<<<<<<<<<<<<<<<<<<<<<<<<<<<<<<<< 47.08 fps
<<<<<<<<<<<<<<<<<<<<<<<<<<<<<<<<<<<<<<<<<<<<<<<<<< 47.08 fps
<<<<<<<<<<<<<<<<<<<<<<<<<<<<<<<<<<<<<<<<<<<<<<<<<< 47.08 fps
<<<<<<<<<<<<<<<<<<<<<<<<<<<<<<<<<<<<<<<<<< 47.08 fps, dropped buffers: 1
<<<<<<<<<<<<<<<<<<<<<<<<<<<<<<<<<<<<<<<<<<<<<< 47.25 fps, dropped buffers: 1
<<<<<<<<<<<<<<<<<<<<<<<<<<<<<<<<<<<<<< 46.02 fps, dropped buffers: 1
<<<<<<<<<<<<<<<<<<<<<<<<<<<<<<<<<<<<<<<<<< 44.85 fps, dropped buffers: 1
<<<<<<<<<<<<<<<<<<<<<<<<<<<<<<<<<<<<<<<<<<<<<<<<<< 44.85 fps
<<<<<<<<<<<<<<<<<<<<<<<<<<<<<<<<<<<<<<<<<<<<<<<<<< 46.02 fps
<<<<<<<<<<<<<<<<<<<<<<<<<<<<<<<<<<<<<<<<<<<<<<<<<< 46.02 fps
<<<<<<<<<<<<<<<<<<<<<<<<<<<<<<<<<<<<<<<<<<<<<<<<<< 47.25 fps, dropped buffers: 1
<<<<<<<<<<<<<<<<<<<<<<<<< 45.91 fps, dropped buffers: 2
<<<<<<<<<<<<<<<<<<<<<<<<<<<<<<<<<<<<<<<<<<<<<<<<<< 45.91 fps
<<<<<<<<<<<<<<<<<<<<<<<<<<<<<<<<<<<<<<<<<<<<<<<<<< 45.91 fps
<<<<<<<<<<<<<<<<<<<<<<<<<<<<<<<<<<<<<<<<<<<<<<<<<< 45.91 fps
<<<<<<<<<<<<<<<<<<<<<<<<<<<<<<<<<<<<<<<<<< 44.75 fps, dropped buffers: 1
<<<<<<<<<<<<<<<<<<<<<<<<<<<<<<<<<<<<<<<<<< 47.27 fps, dropped buffers: 1
<<<<<<<<<<<<<<<<<<<<<<<<<<<<<<<<<<<<<<<<<<<<<<<<<< 47.27 fps
<<<<<<<<<<<<<<<<<<<<<<<<<<<<<<<<<<<<<<<<<<<<<<<<<< 47.27 fps
<<<<<<<<<<<<<<<<<<<<<<<<<<<<<<<<<<<<<<<<<<<<<<<<<< 47.27 fps
<<<<<<<<<<<<<<<<<<<<<<<<<<<<<<<<<<<<<<<<<< 47.27 fps, dropped buffers: 1
<<<<<<<<<<<<<<<<<<<<<<<<<<<<<<<<<<<<<<<<<<<<<<<<<< 48.59 fps
<<<<<<<<<<<<<<<<<<<<<<<<<<<<<<<<<< 46.02 fps, dropped buffers: 2
<<<<<<<<<<<<<<<<<<<<<<<<<<<<<<<<<<<<<<<<<<<<<<<<<< 46.02 fps
<<<<<<<<<<<<<<<<<<<<<<<<<<<<<<<<<<<<<<<<<<<<<<<<<< 46.02 fps
<<<<<<<<<<<<<<<<<<<<<<<<<<<<<<<<<<<<<<<<<<<<<<<<<< 47.27 fps
<<<<<<<<<<<<<<<<<<<<<<<<<<<<<<<<<<<<<<<<< 45.85 fps, dropped buffers: 1
<<<<<<<<<<<<<<<<<<<<<<<<<<<<<<<<<<<<<<<<< 46.90 fps, dropped buffers: 1
<<<<<<<<<<<<<<<<<<<<<<<<<<<<<<<<<<<<<<<<< 45.51 fps, dropped buffers: 1
<<<<<<<<<<<<<<<<<<<<<<<<<<<<<<<<<<<<<<<<<<<<<<<<<< 45.51 fps
<<<<<<<<<<<<<<<<<<<<<<<<<<<<<<<<<<<<<<<<<<<<<<<<<< 45.51 fps
<<<<<<<<<<<<<<<<<<<<<<<<<<<<<<<<<<<<<<<<< 44.26 fps, dropped buffers: 1
<<<<<<<<<<<<<<<<<<<<<<<<<<<<<<<<<<<<<<<<<<<<<<<<<< 46.96 fps
<<<<<<<<<<<<<<<<<<<<<<<<<<<<<<<<<<<<<<<<<<<<<<<<<< 48.46 fps
<<<<<<<<<<<<<<<<<<<<<<<<<<<<<<<<<<<<<<<<<<<<<<<<<< 48.46 fps
<<<<<<<<<<<<<<<<<<<<<<<<<<<<<<<<<<<<<<<<<<<<<<<<< 47.13 fps, dropped buffers: 1
<<<<<<<<<<<<<<<<<<<<<<<<<<<<<<<<<< 47.08 fps, dropped buffers: 1
<<<<<<<<<<<<<<<<<<<<<<<<<<<<<<<<<<<<<<<<<<<<<<<<<< 47.08 fps
<<<<<<<<<<<<<<<<<<<<<<<<<<<<<<<<<<<<<<<<<<< 45.91 fps, dropped buffers: 1
<<<<<<<<<<<<<<<<<<<<<<<<<<<<<<<<<<<<<<<<<<<<<<<<<< 45.91 fps
<<<<<<<<<<<<<<<<<<<<<<<<<<<<<<<<<<<<<<<<<<<<<<<<<< 45.91 fps
<<<<<<<<<<<<<<<<<<<<<<<<<<<<<<<<<<<<<<<<<<<<<<<<<< 48.65 fps
<<<<<<<<<<<<<<<<<<<<<<<<<<<<<<<<<<<<<<<<<<<<<<<<<< 50.00 fps
<<<<<<<<<<<<<<<<<<<<<<<<<<<<<<<<<<<<<<<<<<<<<<<<<< 50.00 fps
<<<<<<<<<<<<<<<<<<<<<<<<<<<<<<<<<<<<<<<<<<<<<<<<<< 50.00 fps
<<<<<<<<<<<<<<<<<<<<<<<<<<<<<<<<<<<<<<<<<<<<<<<<<< 50.00 fps
<<<<<<<<<<<<<<<<<<<<<<<<<<<<<<<<<<<<<<<<<<<<<<<<<< 50.00 fps
<<<<<<<<<<<<<<<<<<<<<<<<<<<<<<<<<<<<<<<<<<<<<<<<<< 50.00 fps
<<<<<<<<<<<<<<<<<<<<<<<<<<<<<<<<<<<<<<<<<<<<<<<<<< 50.00 fps
<<<<<<<<<<<<<<<<<<<<<<<<<<<<<<<<<<<<<<<<< 48.46 fps, dropped buffers: 1
<<<<<<<<<<<<<<<<<<<<<<<<<<<<<<<<<<<<<<<<<<<<<<<<<< 48.46 fps
<<<<<<<<<<<<<<<<<<<<<<<<<<<<<<<<<<<<<<<<<<<<<<<<<< 48.46 fps
<<<<<<<<<<<<<<<<<<<<<<<<<<<<<<<<<<<<<<<<<<<<<<<<<< 48.46 fps
<<<<<<<<<<<<<<<<<<<<<<<<<<<<<<<<<<<<<<<<<<<<<<<<<< 48.46 fps
<<<<<<<<<<<<<<<<<<<<<<<<<<<<<<<<<<<<<<<<<< 48.59 fps, dropped buffers: 1
<<<<<<<<<<<<<<<<<<<<<<<<<<<<<<<<<<<<<<<<<<<<<<<<<< 48.59 fps
<<<<<<<<<<<<<<<<<<<<<<<<<<<<<<<<<<<<<<<<<<<<<<<<<< 48.59 fps
<<<<<<<<<<<<<<<<<<<<<<<<<<<<<<<<<<<<<<<<<< 47.33 fps, dropped buffers: 1
<<<<<<<<<<<<<<<<<<<<<<<<<<<<<<<<<<<<<<<<<<<<<<<<<< 47.33 fps
<<<<<<<<<<<<<<<<<<<<<<<<<<<<<<<<< 45.91 fps, dropped buffers: 2
<<<<<<<<<<<<<<<<<<<<<<<<<<<<<<<<<<<<<<<<<<<<<<<<<< 45.90 fps
<<<<<<<<<<<<<<<<<<<<<<<<<<<<<<<<<<<<<<<<<<<<<<<<<< 45.90 fps
<<<<<<<<<<<<<<<<<<<<<<<<<<<<<<<<<<<<<<<<<<<<<<<<<< 47.08 fps
<<<<<<<<<<<<<<<<<<<<<<<<<<<<<<<<<<<<<<<<<<<<<<<<<< 47.08 fps
<<<<<<<<<<<<<<<<<<<<<<<<<<<<<<<<<<< 47.08 fps, dropped buffers: 2
<<<<<<<<<<<<<<<<<<<<<<<<<<<<<<<<<<<<<<<<< 45.90 fps, dropped buffers: 1
<<<<<<<<<<<<<<<<<<<<<<<<<<<<<<<<<<<<<<<<<<<<<<<<<< 45.90 fps
<<<<<<<<<<<<<<<<<<<<<<<<<<<<<<<<<<<<<<<<<<<<<<<<<< 45.91 fps
<<<<<<<<<<<<<<<<<<<<<<<<<<<<<<<<<<<<<<<<<<<<<<<<<< 45.90 fps
<<<<<<<<<<<<<<<<<<<<<<<<<<<<<<<<<<<<<<<<<<<<<<<<<< 48.65 fps
<<<<<<<<<<<<<<<<<<<<<<<<<<<<<<<<<<<<<<<<<<<<<<<<<< 50.00 fps
<<<<<<<<<<<<<<<<<<<<<<<<<<<<<<<<<<<<<<<<<<<<<<<<<< 50.00 fps
<<<<<<<<<<<<<<<<<<<<<<<<<<<<<<<<<<<<<<<<<<<<<<<<<< 50.00 fps
<<<<<<<<<<<284548 != 481572
<8192 != 481572
<8192 != 481572
<8192 != 481572
<8192 != 481572
<8192 != 481572
<8192 != 481572
<8192 != 481572
<8192 != 481572
<8192 != 481572
<8192 != 481572
<8192 != 481572
<8192 != 481572
<8192 != 481572
<8192 != 481572
<8192 != 481572
<8192 != 481572
<8192 != 481572
<8192 != 481572
<8192 != 481572
<8192 != 481572
<8192 != 481572
<8192 != 481572
<8192 != 481572
<8192 != 481572
<8192 != 481572
<8192 != 481572
<8192 != 481572
<8192 != 481572
<8192 != 481572
<8192 != 481572
<8192 != 481572
<8192 != 479514
<8192 != 481572
<8192 != 481572
<8192 != 481572
<8192 != 479514
<8192 != 481572
<8192 != 481572
< 50.00 fps
8192 != 479514
<8192 != 481572
<8192 != 479514
<8192 != 479514
<8192 != 479514
<8192 != 481572
<8192 != 481572
<8192 != 481572
<8192 != 481572
<8192 != 479514
<8192 != 481572
<8192 != 481572
<8192 != 481572
<8192 != 481572
<8192 != 481572
<8192 != 481572
<8192 != 481572
<8192 != 481572
<8192 != 481572
<8192 != 479514
<8192 != 479514
<8192 != 481572
<8192 != 479514
<8192 != 481572
<8192 != 479514
<8192 != 481572
<8192 != 481572
<8192 != 481572
<8192 != 481572
<8192 != 481572
<8192 != 481572
<8192 != 481572
<8192 != 481572
<8192 != 481572
<8192 != 481572
<8192 != 481572
<8192 != 481572
<8192 != 481572
<8192 != 481572
<8192 != 481572
<8192 != 481572
<8192 != 481572
<8192 != 481572
<8192 != 481572
<8192 != 481572
<8192 != 481572
<8192 != 481572
<8192 != 481572
<8192 != 481572
<8192 != 481572
< 50.00 fps
8192 != 481572
<8192 != 481572
<8192 != 481572
<8192 != 481572
<8192 != 481572
<8192 != 481572
<8192 != 481572
<8192 != 481572
<8192 != 481572
<8192 != 481572
<8192 != 481572
<8192 != 481572
<8192 != 481572
<8192 != 481572
<8192 != 481572
<8192 != 481572
<8192 != 481572
<8192 != 481572
<8192 != 481572
<8192 != 481572
<8192 != 481572
<8192 != 481572
<8192 != 481572
<8192 != 481572
<8192 != 481572
<8192 != 481572
<8192 != 481572
<8192 != 481572
<8192 != 479514
<8192 != 481572
<8192 != 481572
<8192 != 481572
<8192 != 481572
<8192 != 481572
<8192 != 481572
<8192 != 481572
<8192 != 481572
<8192 != 481572
<8192 != 481572
<8192 != 481572
<8192 != 479514
<8192 != 481572
<8192 != 479514
<8192 != 479514
<8192 != 479514
<8192 != 479514
<8192 != 479514
<8192 != 479514
<8192 != 479514
<8192 != 481572
< 50.00 fps
8192 != 479514
<Saving file to /media/pi/Video/recordings/05-04-2021_11-45-02.mjpeg
stopping
done
