<<<<<<<<<<<<<<<<<<<<<<<<<<<<<<<<<<<<<<<<<<<<<<<<< 47.38 fps
<<<<<<<<<<<<<<<<<<<<<<<<<<<<<<<<<<<<<<<<<<<<<<<< 47.69 fps
<<<<<<<<<<<<<<<<<<<<<<<<<<<<<<<<<<<<<<<<<<<<<<<< 47.79 fps
<<<<<<<<<<<<<<<<<<<<<<<<<<<<<<<<<<<<<<<<<<<<<<< 46.17 fps, dropped buffers: 1
<<<<<<<<<<<<<<<<<<<<<<<<<<<<<<<<<<<<<<<<< 46.48 fps
<<<<<<<<<<<<<<<<<<<<<<<<<<<<<<<<<<<<<<<<<<<<<<<< 46.65 fps
<<<<<<<<<<<<<<<<<<<<<<<<<<<<<<<<<<<<<<<<<<<<< 45.37 fps, dropped buffers: 1
<<<<<<<<<<<<<<<<<<<<<<<<<<<<<<<<<<< 44.18 fps, dropped buffers: 1
<<<<<<<<<<<<<<<<<<<<<<<<<<<<<<<<<<<<<<<<<<<<<<<< 44.18 fps
<<<<<<<<<<<<<<<<<<<<<<<<<<<<<<<<<<<<<<<<<<<<<<<< 45.38 fps
<<<<<<<<<<<<<<<<<<<<<<<<<<<<<<<<<<<<<<<< 44.18 fps, dropped buffers: 1
<<<<<<<<<<<<<<<<<<<<<<<<<<<<<<<< 42.00 fps, dropped buffers: 2
<<<<<<<<<<<<<<<<<<<<<<<<<<<<<<<<<<<<<<<< 42.00 fps, dropped buffers: 1
<<<<<<<<<<<<<<<<<<<<<<<<<<<<<<<<<<<<<<<<<<<<<<<< 43.06 fps
<<<<<<<<<<<<<<<<<<<<<<<<<<<<<<<<<<<<<<<< 42.00 fps, dropped buffers: 1
<<<<<<<<<<<<<<<<<<<<<<<<<<<<<<<<<<<<<<< 40.86 fps, dropped buffers: 1
<<<<<<<<<<<<<<<<<<<<<<<<<<<<<<<<<<<<<<<< 40.89 fps, dropped buffers: 1
<<<<<<<<<<<<<<<<<<<<<<<<<<<<<<<<<<<<< 40.96 fps, dropped buffers: 2
<<<<<<<<<<<<<<<<<<<<<<<<<<<<<<<<<<< 40.82 fps, dropped buffers: 1
<<<<<<<<<<<<<<<<<<<<<<<<<<<<<<<<<<<<<<<<<<<<<<<< 40.82 fps
<<<<<<<<<<<<<<<<<<<<<<<<<<<<<<<<<<<<<<<<<<<<<<<< 41.81 fps
<<<<<<<<<<<<<<<<<<<<<<<<<<<<<<<<<<<<<<<<<< 42.96 fps, dropped buffers: 1
<<<<<<<<<<<<<<<<<<<<<<<<<<<<<<<<<<<<<<<<<<<<<< 42.96 fps
<<<<<<<<<<<<<<<<<<<<<<<<<<<<<<<<<<<<<<<<<<<<<<<< 46.65 fps
<<<<<<<<<<<<<<<<<<<<<<<<<<<<<<<<<<<<<<<<<<<<<<<< 46.65 fps
<<<<<<<<<<<<<<<<<<<<<<<<<<<<<<<<<<<<<<<<<<<<<<<< 46.65 fps
<<<<<<<<<<<<<<<<<<<<<<<<<<<<<<<<<<<<<<<<<<<<<<<< 46.65 fps
<<<<<<<<<<<<<<<<<<<<<<<<<<<<<<<<<<<<<<<< 46.65 fps, dropped buffers: 1
<<<<<<<<<<<<<<<<<<<<<<<<<<<<<<<<<<<<<<<<<<<<<<<< 46.65 fps
<<<<<<<<<<<<<<<<<<<<<<<<<<<<<<<<<<<<<<<<<<<<<<<< 46.65 fps
<<<<<<<<<<<<<<<<<<<<<<<<<<<<<<<<<<<<<<<<<<<<<<<< 46.65 fps
<<<<<<<<<<<<<<<<<<<<<<<<<<<<<<<<<<<<<<<<<<<<<<<< 46.65 fps
<<<<<<<<<<<<<<<<<<<<<<<<<<<<<<<<<<<<<<<< 46.65 fps, dropped buffers: 1
<<<<<<<<<<<<<<<<<<<<<<<<<<<<<<<<<<<<<<<<<<<<<<<< 46.65 fps
<<<<<<<<<<<<<<<<<<<<<<<<<<<<<<<<<<<<<<<<<<<<<<<< 46.65 fps
<<<<<<<<<<<<<<<<<<<<<<<<<<<<<<<<<<<<<<<<<<<<<<<< 46.65 fps
<<<<<<<<<<<<<<<<<<<<<<<<<<<<<<<<<<<<<<<<<<<<<<<< 46.65 fps
<<<<<<<<<<<<<<<<<<<<<<<<<<<<<<<<<<<<<<<<<<<<<<<< 48.00 fps
<<<<<<<<<<<<<<<<<<<<<<<<<<<<<<<<<<<<<<<< 46.65 fps, dropped buffers: 1
<<<<<<<<<<<<<<<<<<<<<<<<<<<<<<<<<<<<<<<<<<<<<<<< 46.65 fps
<<<<<<<<<<<<<<<<<<<<<<<<<<<<<<<<<<<<<<<<<<<<<<<< 46.65 fps
<<<<<<<<<<<<<<<<<<<<<<<<<<<<<<<<<<<<<<<<<<<<<<<< 46.65 fps
<<<<<<<<<<<<<<<<<<<<<<<<<<<<<<<<<<<<<<<<<<<<<<< 45.20 fps, dropped buffers: 1
<<<<<<<<<<<<<<<<<<<<<<<<<<<<<<<<<<<<<<<< 46.46 fps
<<<<<<<<<<<<<<<<<<<<<<<<<<<<<<<<<<<<<<<<<<<<<<<< 46.46 fps
<<<<<<<<<<<<<<<<<<<<<<<<<<<<<<<<<<<<<<<<<<<<<<<< 46.46 fps
<<<<<<<<<<<<<<<<<<<<<<<<<<<<<<<<<<<<<<<<<<<<<<<< 46.46 fps
<<<<<<<<<<<<<<<<<<<<<<<<<<<<<<<<<<<<<<<< 45.26 fps, dropped buffers: 1
<<<<<<<<<<<<<<<<<<<<<<<<<<<<<<<<<<<<<<<< 45.44 fps, dropped buffers: 1
<<<<<<<<<<<<<<<<<<<<<<<<<<<<<<<<<<<<<<<<<<<<<<<< 45.44 fps
<<<<<<<<<<<<<<<<<<<<<<<<<<<<<<<<<<<<<<<<<<<<<<<< 45.44 fps
<<<<<<<<<<<<<<<<<<<<<<<<<<<<<<<<<<<<<<<<<<<<<<<< 45.44 fps
<<<<<<<<<<<<<<<<<<<<<<<<<<<<<<<<<<<<<<<<<<<<<<<< 46.65 fps
<<<<<<<<<<<<<<<<<<<<<<<<<<<<<<<<<<<<<<<<<<<<<<<< 48.00 fps
<<<<<<<<<<<<<<<<<<<<<<<<<<<<<<<<<<<<<<< 46.46 fps, dropped buffers: 1
<<<<<<<<<<<<<<<<<<<<<<<<<<<<<<<<<<<<<<<<<<<<<<<< 46.46 fps
<<<<<<<<<<<<<<<<<<<<<<<<<<<<<<<<<<<<<<<<<<<<<<<< 46.46 fps
<<<<<<<<<<<<<<<<<<<<<<<<<<<<<<<<<<<<<<<< 45.20 fps, dropped buffers: 1
<<<<<<<<<<<<<<<<<<<<<<<<<<<<<<<<<<<<<<<< 44.08 fps, dropped buffers: 1
<<<<<<<<<<<<<<<<<<<<<<<<<<<<<<<<<<<<<<<<<<<<<<<< 44.08 fps
<<<<<<<<<<<<<<<<<<<<<<<<<<<<<<<<<<<<<<<<<<<<<<<< 45.44 fps
<<<<<<<<<<<<<<<<<<<<<<<<<<<<<<<<<<<<<<<<<<<<<<<< 45.44 fps
<<<<<<<<<<<<<<<<<<<<<<<<<<<<<<<<<<<<<<<<<<<<<<<< 45.44 fps
<<<<<<<<<<<<<<<<<<<<<<<<<<<<<<<<<<<<<<<<<<<<<<<< 48.00 fps
<<<<<<<<<<<<<<<<<<<<<<<<<<<<<<<<<<<<<<<<< 46.72 fps, dropped buffers: 1
<<<<<<<<<<<<<<<<<<<<<<<<<<<<<<<<<<<<<<<<<<<<<<<< 46.72 fps
<<<<<<<<<<<<<<<<<<<<<<<<<<<<<<<<<<<<<<<<<<<<<<<< 46.72 fps
<<<<<<<<<<<<<<<<<<<<<<<<<<<<<<<<<<<<<<<<<<< 44.97 fps
<<<<<<<<<<<<<<<<<437866 != 705894
<8192 != 705894
<8192 != 705894
<8192 != 707952
<8192 != 705894
<8192 != 707952
<8192 != 705894
<8192 != 705894
<8192 != 705894
<8192 != 705894
<8192 != 705894
<8192 != 705894
<8192 != 707952
<8192 != 705894
<8192 != 705894
<8192 != 705894
<8192 != 705894
<8192 != 705894
<8192 != 705894
<8192 != 705894
<8192 != 705894
<8192 != 707952
<8192 != 705894
<8192 != 705894
<8192 != 705894
<8192 != 705894
< 44.97 fps
8192 != 707952
<8192 != 705894
<8192 != 705894
<8192 != 705894
<8192 != 705894
<8192 != 705894
<8192 != 705894
<8192 != 705894
<8192 != 705894
<8192 != 705894
<8192 != 705894
<8192 != 705894
<8192 != 705894
<8192 != 705894
<8192 != 705894
<8192 != 705894
<8192 != 705894
<8192 != 705894
<8192 != 705894
<8192 != 705894
<8192 != 707952
<8192 != 707952
<8192 != 707952
<8192 != 707952
<8192 != 707952
<8192 != 707952
<8192 != 707952
<8192 != 705894
<8192 != 705894
<8192 != 707952
<8192 != 705894
<8192 != 707952
<8192 != 707952
<8192 != 707952
<8192 != 707952
<8192 != 707952
<8192 != 707952
<8192 != 707952
<8192 != 707952
<8192 != 707952
<8192 != 705894
<8192 != 705894
<8192 != 705894
<8192 != 705894
<8192 != 705894
<8192 != 705894
<8192 != 705894
<8192 != 705894
< 44.97 fps
8192 != 705894
<8192 != 705894
<8192 != 705894
<8192 != 705894
<8192 != 705894
<8192 != 705894
<8192 != 705894
<8192 != 705894
<8192 != 705894
<8192 != 705894
<8192 != 705894
<8192 != 705894
<8192 != 705894
<8192 != 705894
<8192 != 705894
<8192 != 705894
<8192 != 707952
<8192 != 707952
<8192 != 705894
<8192 != 705894
<8192 != 705894
<8192 != 703836
<8192 != 705894
<8192 != 705894
<8192 != 705894
<8192 != 705894
<8192 != 705894
<8192 != 707952
<8192 != 705894
<8192 != 705894
<8192 != 705894
<8192 != 705894
<8192 != 705894
<8192 != 705894
<8192 != 705894
<8192 != 705894
<8192 != 705894
<8192 != 705894
<8192 != 705894
<8192 != 705894
<8192 != 705894
<8192 != 707952
<8192 != 705894
<8192 != 705894
<8192 != 705894
<8192 != 705894
<8192 != 705894
<8192 != 705894
< 46.15 fps
8192 != 705894
<8192 != 705894
<8192 != 705894
<8192 != 705894
<8192 != 705894
<8192 != 705894
<8192 != 705894
<8192 != 705894
<8192 != 705894
<8192 != 705894
<8192 != 705894
<8192 != 705894
<8192 != 705894
<8192 != 705894
<8192 != 705894
<8192 != 705894
<8192 != 705894
<8192 != 705894
<8192 != 705894
<8192 != 705894
<8192 != 705894
<8192 != 705894
<8192 != 705894
<8192 != 705894
<8192 != 705894
<8192 != 707952
<8192 != 705894
<8192 != 705894
<8192 != 705894
<8192 != 705894
<8192 != 707952
<8192 != 707952
<8192 != 705894
<8192 != 705894
<8192 != 705894
<8192 != 705894
<8192 != 705894
<8192 != 705894
<8192 != 705894
<8192 != 705894
<8192 != 705894
<8192 != 705894
<8192 != 705894
<8192 != 705894
<8192 != 705894
<8192 != 705894
<8192 != 705894
<8192 != 705894
< 46.15 fps
8192 != 705894
<8192 != 705894
<8192 != 705894
<8192 != 705894
<8192 != 705894
<8192 != 705894
<8192 != 705894
<8192 != 705894
<8192 != 705894
<8192 != 705894
<8192 != 705894
<8192 != 703836
<8192 != 705894
<8192 != 707952
<8192 != 707952
<8192 != 705894
<8192 != 707952
<8192 != 707952
<8192 != 707952
<8192 != 707952
<8192 != 707952
<8192 != 705894
<8192 != 707952
<8192 != 707952
<8192 != 705894
<8192 != 705894
<8192 != 705894
<8192 != 703836
<8192 != 705894
<8192 != 705894
<8192 != 703836
<8192 != 705894
<8192 != 705894
<8192 != 705894
<8192 != 705894
<8192 != 707952
<8192 != 705894
<8192 != 707952
<8192 != 705894
<8192 != 705894
<8192 != 705894
<8192 != 705894
<8192 != 705894
<8192 != 705894
<8192 != 705894
<8192 != 705894
<8192 != 707952
<8192 != 705894
< 46.15 fps
8192 != 707952
<8192 != 705894
<8192 != 705894
<8192 != 705894
<8192 != 705894
<8192 != 707952
<8192 != 707952
<8192 != 707952
<8192 != 705894
<8192 != 707952
<8192 != 707952
<8192 != 705894
<8192 != 707952
<8192 != 705894
<8192 != 705894
<8192 != 705894
<8192 != 705894
<8192 != 705894
<8192 != 705894
<8192 != 707952
<8192 != 705894
<8192 != 705894
<8192 != 707952
<8192 != 707952
<8192 != 707952
<8192 != 705894
<8192 != 707952
<8192 != 707952
<8192 != 705894
<8192 != 705894
<8192 != 705894
<8192 != 705894
<8192 != 707952
<8192 != 707952
<8192 != 707952
<8192 != 707952
<8192 != 705894
<8192 != 707952
<8192 != 705894
<8192 != 707952
<8192 != 707952
<8192 != 705894
<8192 != 707952
<8192 != 707952
<8192 != 707952
<8192 != 707952
<8192 != 707952
<8192 != 707952
< 48.00 fps
8192 != 701778
<8192 != 701778
<8192 != 634320
<8192 != 707952
<8192 != 707952
<8192 != 707952
<8192 != 707952
<8192 != 707952
<8192 != 707952
<8192 != 705894
<8192 != 705894
<8192 != 705894
<8192 != 705894
<8192 != 707952
<8192 != 705894
<8192 != 707952
<8192 != 707952
<8192 != 707952
<8192 != 707952
<8192 != 707952
<8192 != 707952
<8192 != 703836
<8192 != 701778
<8192 != 701778
<8192 != 701778
<8192 != 701778
<8192 != 701778
<8192 != 701778
<8192 != 701778
<8192 != 701778
<8192 != 703836
<8192 != 701778
<8192 != 701778
<8192 != 701778
<8192 != 701778
<8192 != 701778
<8192 != 701778
<8192 != 701778
<8192 != 701778
<8192 != 701778
<8192 != 701778
<8192 != 701778
<8192 != 701778
<8192 != 701778
<8192 != 701778
<8192 != 701778
<8192 != 705894
<8192 != 705894
< 48.00 fps
8192 != 705894
<8192 != 705894
<8192 != 705894
<8192 != 707952
<8192 != 705894
<8192 != 705894
<8192 != 705894
<8192 != 705894
<8192 != 705894
<8192 != 707952
<8192 != 707952
<8192 != 705894
<8192 != 705894
<8192 != 707952
<8192 != 705894
<8192 != 707952
<8192 != 707952
<8192 != 707952
<8192 != 707952
<8192 != 707952
<8192 != 707952
<8192 != 710010
<8192 != 707952
<8192 != 707952
<8192 != 707952
<8192 != 707952
<8192 != 705894
<8192 != 705894
<8192 != 707952
<8192 != 707952
<8192 != 707952
<8192 != 707952
<8192 != 707952
<8192 != 707952
<8192 != 705894
<8192 != 705894
<8192 != 707952
<8192 != 705894
<8192 != 705894
<8192 != 707952
<8192 != 707952
<8192 != 705894
<8192 != 705894
<8192 != 707952
<8192 != 705894
<8192 != 705894
<8192 != 705894
<8192 != 707952
< 48.00 fps
8192 != 707952
<8192 != 707952
<8192 != 705894
<8192 != 705894
<8192 != 707952
<8192 != 707952
<8192 != 707952
<8192 != 707952
<8192 != 705894
<8192 != 707952
<8192 != 707952
<8192 != 701778
<8192 != 701778
<8192 != 701778
<8192 != 701778
<8192 != 701778
<8192 != 701778
<8192 != 701778
<8192 != 701778
<8192 != 701778
<8192 != 701778
<8192 != 701778
<8192 != 701778
<8192 != 701778
<8192 != 701778
<8192 != 701778
<8192 != 703836
<8192 != 703836
<8192 != 701778
<8192 != 703836
<8192 != 701778
<8192 != 701778
<8192 != 701778
<8192 != 701778
<8192 != 701778
<8192 != 701778
<8192 != 701778
<8192 != 701778
<8192 != 701778
<8192 != 701778
<8192 != 701778
<8192 != 701778
<8192 != 701778
<8192 != 701778
<8192 != 699720
<8192 != 699720
<8192 != 699720
<8192 != 699720
< 48.00 fps
8192 != 699720
<8192 != 699720
<8192 != 699720
<8192 != 699720
<8192 != 699720
<8192 != 699720
<8192 != 699720
<8192 != 701778
<8192 != 699720
<8192 != 701778
<8192 != 699720
<8192 != 699720
<8192 != 701778
<8192 != 701778
<8192 != 701778
<8192 != 701778
<8192 != 699720
<8192 != 699720
<8192 != 699720
<8192 != 699720
<8192 != 699720
<8192 != 699720
<8192 != 699720
<8192 != 699720
<8192 != 699720
<8192 != 699720
<8192 != 699720
<8192 != 701778
<8192 != 701778
<8192 != 701778
<8192 != 701778
<8192 != 699720
<8192 != 701778
<8192 != 701778
<8192 != 701778
<8192 != 701778
<8192 != 701778
<8192 != 701778
<8192 != 701778
<8192 != 701778
<8192 != 701778
<8192 != 701778
<8192 != 701778
<8192 != 701778
<8192 != 701778
<8192 != 701778
<8192 != 701778
<8192 != 701778
< 48.00 fps
8192 != 701778
<8192 != 701778
<8192 != 699720
<8192 != 701778
<8192 != 699720
<8192 != 701778
<8192 != 699720
<8192 != 699720
<8192 != 699720
<8192 != 701778
<8192 != 701778
<8192 != 701778
<8192 != 699720
<8192 != 699720
<8192 != 701778
<8192 != 699720
<8192 != 701778
<8192 != 699720
<8192 != 699720
<8192 != 699720
<8192 != 701778
<8192 != 699720
<8192 != 699720
<8192 != 699720
<8192 != 701778
<8192 != 699720
<8192 != 701778
<8192 != 701778
<8192 != 699720
<8192 != 699720
<8192 != 699720
<8192 != 699720
<8192 != 699720
<8192 != 699720
<8192 != 699720
<8192 != 699720
<8192 != 705894
<8192 != 703836
<8192 != 705894
<8192 != 705894
<8192 != 705894
<8192 != 705894
<8192 != 699720
<8192 != 699720
<8192 != 699720
<8192 != 699720
<8192 != 699720
<8192 != 697662
< 48.00 fps
8192 != 699720
<8192 != 699720
<8192 != 699720
<8192 != 705894
<8192 != 699720
<8192 != 699720
<8192 != 699720
<8192 != 699720
<8192 != 699720
<8192 != 699720
<8192 != 705894
<8192 != 705894
<8192 != 705894
<8192 != 705894
<8192 != 705894
<8192 != 705894
<8192 != 705894
<8192 != 705894
<8192 != 705894
<8192 != 705894
<8192 != 705894
<8192 != 705894
<8192 != 705894
<8192 != 705894
<8192 != 705894
<8192 != 705894
<8192 != 705894
<8192 != 705894
<8192 != 705894
<8192 != 705894
<8192 != 705894
<8192 != 705894
<8192 != 705894
<8192 != 705894
<8192 != 705894
<8192 != 705894
<8192 != 705894
<8192 != 701778
<8192 != 701778
<8192 != 701778
<8192 != 701778
<8192 != 701778
<8192 != 699720
<8192 != 699720
<8192 != 699720
<8192 != 699720
<8192 != 699720
<8192 != 699720
< 48.00 fps
8192 != 699720
<8192 != 699720
<8192 != 699720
<8192 != 699720
<8192 != 699720
<8192 != 701778
<8192 != 701778
<8192 != 699720
<8192 != 701778
<8192 != 699720
<8192 != 701778
<8192 != 701778
<8192 != 701778
<8192 != 701778
<8192 != 701778
<8192 != 699720
<8192 != 701778
<8192 != 699720
<8192 != 701778
<8192 != 701778
<8192 != 701778
<8192 != 701778
<8192 != 699720
<8192 != 701778
<8192 != 701778
<8192 != 699720
<8192 != 701778
<8192 != 699720
<8192 != 701778
<8192 != 701778
<8192 != 701778
<8192 != 699720
<8192 != 701778
<8192 != 701778
<8192 != 699720
<8192 != 699720
<8192 != 699720
<8192 != 701778
<8192 != 699720
<8192 != 701778
<8192 != 701778
<8192 != 707952
<8192 != 707952
<8192 != 705894
<8192 != 707952
<8192 != 707952
<8192 != 707952
<8192 != 707952
< 48.00 fps
8192 != 707952
<8192 != 707952
<8192 != 707952
<8192 != 707952
<8192 != 701778
<8192 != 703836
<8192 != 701778
<8192 != 701778
<8192 != 701778
<8192 != 701778
<8192 != 701778
<8192 != 701778
<8192 != 701778
<8192 != 701778
<8192 != 701778
<8192 != 701778
<8192 != 701778
<8192 != 701778
<8192 != 701778
<8192 != 699720
<8192 != 701778
<8192 != 699720
<8192 != 699720
<8192 != 701778
<8192 != 701778
<8192 != 699720
<8192 != 701778
<8192 != 699720
<8192 != 701778
<8192 != 699720
<8192 != 699720
<8192 != 699720
<8192 != 701778
<8192 != 701778
<8192 != 699720
<8192 != 699720
<8192 != 699720
<8192 != 699720
<8192 != 701778
<8192 != 699720
<8192 != 699720
<8192 != 701778
<8192 != 699720
<8192 != 701778
<8192 != 699720
<8192 != 701778
<8192 != 701778
<8192 != 701778
< 48.00 fps
8192 != 699720
<8192 != 699720
<8192 != 701778
<8192 != 701778
<8192 != 699720
<8192 != 701778
<8192 != 701778
<8192 != 701778
<8192 != 701778
<8192 != 699720
<8192 != 699720
<8192 != 701778
<8192 != 699720
<8192 != 701778
<8192 != 699720
<8192 != 699720
<8192 != 699720
<8192 != 699720
<8192 != 701778
<8192 != 699720
<8192 != 699720
<8192 != 699720
<8192 != 701778
<8192 != 699720
<8192 != 699720
<8192 != 699720
<8192 != 699720
<8192 != 701778
<8192 != 699720
<8192 != 699720
<8192 != 699720
<8192 != 701778
<8192 != 701778
<8192 != 699720
<8192 != 699720
<8192 != 701778
<8192 != 701778
<8192 != 701778
<8192 != 701778
<8192 != 701778
<8192 != 705894
<8192 != 705894
<8192 != 705894
<8192 != 701778
<8192 != 701778
<8192 != 701778
<8192 != 699720
<8192 != 701778
< 48.00 fps
8192 != 699720
<8192 != 701778
<8192 != 699720
<8192 != 701778
<8192 != 699720
<8192 != 699720
<8192 != 699720
<8192 != 699720
<8192 != 699720
<8192 != 699720
<8192 != 699720
<8192 != 705894
<8192 != 705894
<8192 != 703836
<8192 != 705894
<8192 != 703836
<8192 != 705894
<8192 != 705894
<8192 != 699720
<8192 != 699720
<8192 != 699720
<8192 != 703836
<8192 != 699720
<8192 != 699720
<8192 != 699720
<8192 != 699720
<8192 != 697662
<8192 != 699720
<8192 != 697662
<8192 != 699720
<8192 != 699720
<8192 != 699720
<8192 != 699720
<8192 != 699720
<8192 != 699720
<8192 != 697662
<8192 != 699720
<8192 != 699720
<8192 != 697662
<8192 != 697662
<8192 != 697662
<8192 != 699720
<8192 != 697662
<8192 != 697662
<8192 != 697662
<8192 != 697662
<8192 != 699720
<8192 != 699720
< 48.00 fps
8192 != 697662
<8192 != 697662
<8192 != 697662
<8192 != 699720
<8192 != 703836
<8192 != 703836
<8192 != 703836
<8192 != 697662
<8192 != 697662
<8192 != 699720
<8192 != 697662
<8192 != 699720
<8192 != 699720
<8192 != 699720
<8192 != 699720
<8192 != 699720
<8192 != 699720
<8192 != 699720
<8192 != 699720
<8192 != 699720
<8192 != 699720
<8192 != 699720
<8192 != 699720
<8192 != 699720
<8192 != 699720
<8192 != 699720
<8192 != 699720
<8192 != 699720
<8192 != 699720
<8192 != 699720
<8192 != 699720
<8192 != 699720
<8192 != 699720
<8192 != 699720
<8192 != 699720
<8192 != 699720
<8192 != 699720
<8192 != 699720
<8192 != 699720
<8192 != 699720
<8192 != 699720
<8192 != 701778
<8192 != 699720
<8192 != 699720
<8192 != 699720
<8192 != 699720
<8192 != 699720
<8192 != 699720
< 48.00 fps
8192 != 699720
<8192 != 699720
<8192 != 699720
<8192 != 699720
<8192 != 699720
<8192 != 699720
<8192 != 699720
<8192 != 699720
<8192 != 699720
<8192 != 699720
<8192 != 699720
<8192 != 701778
<8192 != 699720
<8192 != 699720
<8192 != 699720
<8192 != 699720
<8192 != 699720
<8192 != 701778
<8192 != 699720
<8192 != 701778
<8192 != 699720
<8192 != 699720
<8192 != 701778
<8192 != 699720
<8192 != 699720
<8192 != 699720
<8192 != 699720
<8192 != 699720
<8192 != 699720
<8192 != 699720
<8192 != 699720
<8192 != 699720
<8192 != 699720
<8192 != 699720
<8192 != 699720
<8192 != 699720
<8192 != 699720
<8192 != 699720
<8192 != 697662
<8192 != 699720
<8192 != 699720
<8192 != 699720
<8192 != 699720
<8192 != 699720
<8192 != 699720
<8192 != 699720
<8192 != 699720
<8192 != 699720
< 48.00 fps
8192 != 699720
<8192 != 697662
<8192 != 699720
<8192 != 697662
<8192 != 699720
<8192 != 699720
<8192 != 699720
<8192 != 699720
<8192 != 699720
<8192 != 699720
<8192 != 699720
<8192 != 699720
<8192 != 697662
<8192 != 699720
<8192 != 699720
<8192 != 699720
<8192 != 699720
<8192 != 699720
<8192 != 699720
<8192 != 699720
<8192 != 699720
<8192 != 699720
<8192 != 699720
<8192 != 699720
<8192 != 699720
<8192 != 699720
<8192 != 699720
<8192 != 699720
<8192 != 699720
<8192 != 699720
<8192 != 699720
<8192 != 699720
<8192 != 699720
<8192 != 699720
<8192 != 699720
<8192 != 699720
<8192 != 699720
<8192 != 699720
<8192 != 699720
<8192 != 699720
<8192 != 699720
<8192 != 699720
<8192 != 699720
<8192 != 699720
<8192 != 699720
<8192 != 699720
<8192 != 699720
<8192 != 699720
< 48.00 fps
8192 != 699720
<8192 != 699720
<8192 != 699720
<8192 != 697662
<8192 != 697662
<8192 != 699720
<8192 != 699720
<8192 != 699720
<8192 != 699720
<8192 != 699720
<8192 != 699720
<8192 != 699720
<8192 != 699720
<8192 != 699720
<8192 != 699720
<8192 != 699720
<8192 != 699720
<8192 != 699720
<8192 != 699720
<8192 != 699720
<8192 != 699720
<8192 != 699720
<8192 != 699720
<8192 != 699720
<8192 != 699720
<8192 != 699720
<8192 != 699720
<8192 != 699720
<8192 != 699720
<8192 != 699720
<8192 != 699720
<8192 != 699720
<8192 != 699720
<8192 != 699720
<8192 != 699720
<8192 != 699720
<8192 != 699720
<8192 != 699720
<8192 != 699720
<8192 != 699720
<8192 != 699720
<8192 != 699720
<8192 != 699720
<8192 != 699720
<8192 != 699720
<8192 != 699720
<8192 != 699720
<8192 != 699720
< 48.00 fps
8192 != 699720
<8192 != 699720
<8192 != 699720
<8192 != 701778
<8192 != 699720
<8192 != 701778
<8192 != 699720
<8192 != 701778
<8192 != 701778
<8192 != 699720
<8192 != 699720
<8192 != 699720
<8192 != 699720
<8192 != 699720
<8192 != 699720
<8192 != 699720
<8192 != 699720
<8192 != 699720
<8192 != 699720
<8192 != 699720
<8192 != 699720
<8192 != 699720
<8192 != 699720
<8192 != 699720
<8192 != 699720
<8192 != 699720
<8192 != 699720
<8192 != 699720
<8192 != 699720
<8192 != 699720
<8192 != 699720
<8192 != 699720
<8192 != 699720
<8192 != 699720
<8192 != 699720
<8192 != 699720
<8192 != 699720
<8192 != 699720
<8192 != 699720
<8192 != 699720
<8192 != 699720
<8192 != 699720
<8192 != 699720
<8192 != 699720
<8192 != 699720
<8192 != 699720
<8192 != 699720
<8192 != 701778
< 48.00 fps
8192 != 699720
<8192 != 699720
<8192 != 701778
<8192 != 699720
<8192 != 699720
<8192 != 701778
<8192 != 699720
<8192 != 699720
<8192 != 699720
<8192 != 699720
<8192 != 699720
<8192 != 699720
<8192 != 699720
<8192 != 701778
<8192 != 699720
<8192 != 705894
<8192 != 705894
<8192 != 705894
<8192 != 705894
<8192 != 699720
<8192 != 699720
<8192 != 699720
<8192 != 699720
<8192 != 701778
<8192 != 699720
<8192 != 699720
<8192 != 699720
<8192 != 699720
<8192 != 699720
<8192 != 699720
<8192 != 699720
<8192 != 701778
<8192 != 699720
<8192 != 701778
<8192 != 701778
<8192 != 699720
<8192 != 699720
<8192 != 699720
<8192 != 699720
<8192 != 705894
<8192 != 705894
<8192 != 705894
<8192 != 705894
<8192 != 705894
<8192 != 699720
<8192 != 697662
<8192 != 699720
<8192 != 699720
< 48.00 fps
8192 != 699720
<8192 != 699720
<8192 != 699720
<8192 != 699720
<8192 != 699720
<8192 != 701778
<8192 != 699720
<8192 != 701778
<8192 != 701778
<8192 != 701778
<8192 != 699720
<8192 != 699720
<8192 != 701778
<8192 != 699720
<8192 != 701778
<8192 != 701778
<8192 != 701778
<8192 != 701778
<8192 != 701778
<8192 != 699720
<8192 != 699720
<8192 != 699720
<8192 != 699720
<8192 != 699720
<8192 != 699720
<8192 != 699720
<8192 != 699720
<8192 != 699720
<8192 != 699720
<8192 != 699720
<8192 != 699720
<8192 != 699720
<8192 != 699720
<8192 != 699720
<8192 != 699720
<8192 != 699720
<8192 != 699720
<8192 != 699720
<8192 != 701778
<8192 != 701778
<8192 != 699720
<8192 != 699720
<8192 != 699720
<8192 != 699720
<8192 != 701778
<8192 != 699720
<8192 != 699720
<8192 != 699720
< 48.00 fps
8192 != 699720
<8192 != 699720
<8192 != 699720
<8192 != 699720
<8192 != 699720
<8192 != 699720
<8192 != 699720
<8192 != 699720
<8192 != 699720
<8192 != 699720
<8192 != 699720
<8192 != 699720
<8192 != 699720
<8192 != 701778
<8192 != 699720
<8192 != 701778
<8192 != 699720
<8192 != 699720
<8192 != 699720
<8192 != 699720
<8192 != 701778
<8192 != 699720
<8192 != 701778
<8192 != 701778
<8192 != 701778
<8192 != 701778
<8192 != 701778
<8192 != 701778
<8192 != 701778
<8192 != 699720
<8192 != 699720
<8192 != 701778
<8192 != 701778
<8192 != 699720
<8192 != 699720
<8192 != 699720
<8192 != 699720
<8192 != 701778
<8192 != 701778
<8192 != 701778
<8192 != 701778
<8192 != 699720
<8192 != 699720
<8192 != 701778
<8192 != 701778
<8192 != 699720
<8192 != 699720
<8192 != 699720
< 48.00 fps
8192 != 699720
<8192 != 699720
<8192 != 699720
<8192 != 699720
<8192 != 699720
<8192 != 699720
<8192 != 699720
<8192 != 699720
<8192 != 699720
<8192 != 699720
<8192 != 699720
<8192 != 699720
<8192 != 699720
<8192 != 705894
<8192 != 705894
<8192 != 705894
<8192 != 705894
<8192 != 705894
<8192 != 699720
<8192 != 699720
<8192 != 699720
<8192 != 699720
<8192 != 701778
<8192 != 699720
<8192 != 699720
<8192 != 703836
<8192 != 705894
<8192 != 705894
<8192 != 705894
<8192 != 703836
<8192 != 705894
<8192 != 705894
<8192 != 699720
<8192 != 699720
<8192 != 699720
<8192 != 699720
<8192 != 699720
<8192 != 699720
<8192 != 705894
<8192 != 705894
<8192 != 705894
<8192 != 705894
<8192 != 703836
<8192 != 699720
<8192 != 699720
<8192 != 705894
<8192 != 705894
<8192 != 705894
< 48.00 fps
8192 != 705894
<8192 != 705894
<8192 != 701778
<8192 != 699720
<8192 != 699720
<8192 != 701778
<8192 != 699720
<8192 != 701778
<8192 != 699720
<8192 != 699720
<8192 != 699720
<8192 != 701778
<8192 != 699720
<8192 != 699720
<8192 != 701778
<8192 != 701778
<8192 != 701778
<8192 != 699720
<8192 != 699720
<8192 != 699720
<8192 != 701778
<8192 != 699720
<8192 != 701778
<8192 != 701778
<8192 != 699720
<8192 != 701778
<8192 != 701778
<8192 != 701778
<8192 != 701778
<8192 != 701778
<8192 != 701778
<8192 != 701778
<8192 != 701778
<8192 != 701778
<8192 != 701778
<8192 != 701778
<8192 != 701778
<8192 != 701778
<8192 != 701778
<8192 != 701778
<8192 != 701778
<8192 != 701778
<8192 != 699720
<8192 != 699720
<8192 != 701778
<8192 != 701778
<8192 != 701778
<8192 != 701778
< 48.00 fps
8192 != 701778
<8192 != 701778
<8192 != 701778
<8192 != 701778
<8192 != 701778
<8192 != 701778
<8192 != 701778
<8192 != 701778
<8192 != 701778
<8192 != 705894
<8192 != 707952
<8192 != 707952
<8192 != 707952
<8192 != 707952
<8192 != 705894
<8192 != 705894
<8192 != 705894
<8192 != 705894
<8192 != 707952
<8192 != 707952
<8192 != 707952
<8192 != 707952
<8192 != 707952
<8192 != 707952
<8192 != 707952
<8192 != 701778
<8192 != 701778
<8192 != 701778
<8192 != 701778
<8192 != 701778
<8192 != 701778
<8192 != 701778
<8192 != 701778
<8192 != 701778
<8192 != 701778
<8192 != 699720
<8192 != 701778
<8192 != 701778
<8192 != 701778
<8192 != 701778
<8192 != 701778
<8192 != 701778
<8192 != 701778
<8192 != 699720
<8192 != 699720
<8192 != 699720
<8192 != 699720
<8192 != 699720
< 48.00 fps
8192 != 699720
<8192 != 699720
<8192 != 699720
<8192 != 699720
<8192 != 699720
<8192 != 699720
<8192 != 699720
<8192 != 699720
<8192 != 699720
<8192 != 699720
<8192 != 699720
<8192 != 699720
<8192 != 701778
<8192 != 701778
<8192 != 701778
<8192 != 701778
<8192 != 699720
<8192 != 699720
<8192 != 699720
<8192 != 699720
<8192 != 699720
<8192 != 705894
<8192 != 705894
<8192 != 705894
<8192 != 707952
<8192 != 701778
<8192 != 701778
<8192 != 701778
<8192 != 705894
<8192 != 705894
<8192 != 707952
<8192 != 705894
<8192 != 705894
<8192 != 705894
<8192 != 699720
<8192 != 701778
<8192 != 701778
<8192 != 699720
<8192 != 701778
<8192 != 699720
<8192 != 701778
<8192 != 701778
<8192 != 701778
<8192 != 701778
<8192 != 701778
<8192 != 701778
<8192 != 701778
<8192 != 701778
< 48.00 fps
8192 != 701778
<8192 != 701778
<8192 != 701778
<8192 != 701778
<8192 != 701778
<8192 != 701778
<8192 != 707952
<8192 != 705894
<8192 != 707952
<8192 != 701778
<8192 != 701778
<8192 != 707952
<8192 != 701778
<8192 != 701778
<8192 != 701778
<8192 != 701778
<8192 != 701778
<8192 != 701778
<8192 != 701778
<8192 != 701778
<8192 != 701778
<8192 != 701778
<8192 != 701778
<8192 != 701778
<8192 != 701778
<8192 != 701778
<8192 != 703836
<8192 != 703836
<8192 != 701778
<8192 != 703836
<8192 != 707952
<8192 != 707952
<8192 != 707952
<8192 != 707952
<8192 != 707952
<8192 != 707952
<8192 != 707952
<8192 != 707952
<8192 != 707952
<8192 != 707952
<8192 != 707952
<8192 != 707952
<8192 != 707952
<8192 != 707952
<8192 != 705894
<8192 != 705894
<8192 != 707952
<8192 != 707952
< 48.00 fps
8192 != 707952
<8192 != 705894
<8192 != 707952
<8192 != 707952
<8192 != 707952
<8192 != 707952
<8192 != 707952
<8192 != 707952
<8192 != 703836
<8192 != 701778
<8192 != 701778
<8192 != 701778
<8192 != 701778
<8192 != 701778
<8192 != 701778
<8192 != 703836
<8192 != 701778
<8192 != 701778
<8192 != 701778
<8192 != 701778
<8192 != 701778
<8192 != 701778
<8192 != 707952
<8192 != 707952
<8192 != 707952
<8192 != 707952
<8192 != 707952
<8192 != 707952
<8192 != 707952
<8192 != 707952
<8192 != 710010
<8192 != 707952
<8192 != 710010
<8192 != 710010
<8192 != 703836
<8192 != 703836
<8192 != 703836
<8192 != 703836
<8192 != 710010
<8192 != 710010
<8192 != 710010
<8192 != 707952
<8192 != 710010
<8192 != 710010
<8192 != 710010
<8192 != 710010
<8192 != 710010
<8192 != 710010
< 48.00 fps
8192 != 710010
<8192 != 710010
<8192 != 710010
<8192 != 710010
<8192 != 707952
<8192 != 710010
<8192 != 710010
<8192 != 710010
<8192 != 710010
<8192 != 710010
<8192 != 710010
<8192 != 710010
<8192 != 710010
<8192 != 710010
<8192 != 710010
<8192 != 710010
<8192 != 710010
<8192 != 710010
<8192 != 710010
<8192 != 710010
<8192 != 710010
<8192 != 710010
<8192 != 712068
<8192 != 712068
<8192 != 710010
<8192 != 710010
<8192 != 710010
<8192 != 710010
<8192 != 707952
<8192 != 707952
<8192 != 707952
<8192 != 707952
<8192 != 707952
<8192 != 707952
<8192 != 707952
<8192 != 710010
<8192 != 703836
<8192 != 703836
<8192 != 703836
<8192 != 703836
<8192 != 701778
<8192 != 701778
<8192 != 707952
<8192 != 707952
<8192 != 705894
<8192 != 705894
<8192 != 705894
<8192 != 705894
< 48.00 fps
8192 != 705894
<8192 != 705894
<Saving file to /media/pi/Video/recordings/05-04-2021_11-55-46.mjpeg
stopping
done
