<<<<<<<<<<<<<<<<<<<<<<<<<<<<<<<<<<<<<<<<<<<<<<<<<<<<< 51.15 fps
<<<<<<<<<<<<<<<<<<<<<<<<<<<<<<<<<<<<<<<<<<<<<<<<<<<<< 52.16 fps
<<<<<<<<<<<<<<<<<<<<<<<<<<<<<<<<<<<<<<<<<<<<<<<<<<<<< 52.49 fps
<<<<<<<<<<<<<<<<<<<<<<<<<<<<<<<<<<<<<<<<<<<<<<<<<<<<< 52.66 fps
<<<<<<<<<<<<<<<<<<<<<<<<<<<<<<<<<<<<< 50.27 fps, dropped buffers: 2
<<<<<<<<<<<<<<<<<<<<<<<<<<<<<<<<<<<<<<<<<<<<<<<<<<<<<< 50.27 fps
<<<<<<<<<<<<<<<<<<<<<<<<<<<<<<<<<<<<<<<<<<<< 48.76 fps, dropped buffers: 1
<<<<<<<<<<<<<<<<<<<<<<<<<<<<<<<<<<<<<<<<<<<<<<<<<<< 47.52 fps, dropped buffers: 1
<<<<<<<<<<<<<<<<<<<<<<<<<<<<<<<<<<<<<<<<<<<<<<< 47.53 fps
<<<<<<<<<<<<<<<<<<<<<<<<<<<<<<<<<<<<<<<<<<<<<<<<<<<<< 50.07 fps
<<<<<<<<<<<<<<<<<<<<<<<<<<<<<<<<<<<<<<<<<<<<<<<<<<<<< 50.07 fps
<<<<<<<<<<<<<<<<<<<<<<<<<<<<<<<<<<<<<<<< 48.75 fps, dropped buffers: 2
<<<<<<<<<<<<<<<<<<<<<<<<<<<<<<<<<<<<<<<<<<<<<<<<<< 50.07 fps
<<<<<<<<<<<<<<<<<<<<<<<<<<<<<<<<<<<<<<<<<<<<<<<<<<<<< 50.07 fps
<<<<<<<<<<<<<<<<<<<<<<<<<<<<<<<<<<<<<<<<<<<<< 48.76 fps, dropped buffers: 1
<<<<<<<<<<<<<<<<<<<<<<<<<<<<<<<<<<<<<<<<<<<<<<<<<<<<< 48.79 fps
<<<<<<<<<<<<<<<<<<<<<<<<<<<<<<<<<<<<<<<<<<<<<<<<<<<<< 51.68 fps
<<<<<<<<<<<<<<<<<<<<<<<<<<<<<<<<<<<<<<<<<<<<<<<<<<<<<< 51.68 fps
<<<<<<<<<<<<<<<<<<<<<<<<<<<<<<<<<<<<<<<<<<<<<<<<<<<<< 51.68 fps
<<<<<<<<<<<<<<<<<<<<<<<<<<<<<<<<<<<<<<<<<<<<<<<<<<<<< 53.18 fps
<<<<<<<<<<<<<<<<<<<<<<<<<<<<<<<<<<<<<<<<<<<< 51.47 fps, dropped buffers: 1
<<<<<<<<<<<<<<<<<<<<<<<<<<<<<<<<<<<<<<<<<<<< 49.88 fps, dropped buffers: 1
<<<<<<<<<<<<<<<<<<<<<<<<<<<<<< 46.03 fps, dropped buffers: 3
<<<<<<<<<<<<<<<<<<<<<<<<<<<<<<<<<<<<<<<<<<<<<<<<<<<< 46.04 fps
<<<<<<<<<<<<<<<<<<<<<<<<<<<<<<<<<<<<<<<<<<<<<<<<<<<<< 46.04 fps
<<<<<<<<<<<<<<<<<<<<<<<<<<<<<<<<<<<<<<<<<<<<<<<<<< 45.53 fps
<<<<<<<<<<<<<<<<<<<<<<<<<<<<<<<<<<<<< 45.69 fps, dropped buffers: 1
<<<<<<<<<<<<<<<<<<<<<<<<<<<<<<<<<<<<<<<<<<<<<<<<<<<<< 49.48 fps
<<<<<<<<<<<<<<<<<<<<<<<<<<<<<<<<<<<<<<<<<<<<<<<<<<<<<< 49.48 fps
<<<<<<<<<<<<<<<<<<<<<<<<<<<<<<<<<<<<<<<<<<<<<<<<<<<<< 49.48 fps
<<<<<<<<<<<<<<<<<<<<<<<<<<<<<<<<<<<<<<<<<<<<<<<<<<<<< 51.68 fps
<<<<<<<<<<<<<<<<<<<<<<<<<<<<<<<<<<<<<< 49.48 fps, dropped buffers: 1
<<<<<<<<<<<<<<<<<<<<<<<<<<<<<<<<<<<<<<<<<<<<<<<<< 49.48 fps
<<<<<<<<<<<<<<<<<<<<<<<<<<<<<<<<<<<<<<<<<<<<<<<<<<<<< 49.48 fps
<<<<<<<<<<<<<<<<<<<<<<<<<<<<<<<<<<<<<<<<<<<<<<<<<<<<<< 49.48 fps
<<<<<<<<<<<<<<<<<<<<<<<<<<<<<<<<<<<<<<<<<<<<<<<<<<<<< 49.48 fps
<<<<<<<<<<<<<<<<<<<<<<<<<<<<<<<<<<<<<<<<<< 50.85 fps
<<<<<<<<<<<<<<<<<<<<<<<<<<<<<<<<<<<<<<<<<<<<< 49.48 fps, dropped buffers: 1
<<<<<<<<<<<<<<<<<<<<<<<<<<<<<<<<<<<<<<<<<<<<<<<<<<<<< 49.48 fps
<<<<<<<<<<<<<<<<<<<<<<<<<<<<<<<<<<<<<<<<<<<<<< 48.20 fps, dropped buffers: 1
<<<<<<<<<<<<<<<<<<<<<<<<<<<<<<<<<<<<<<<<<<<<<<<<<<<<< 48.20 fps
<<<<<<<<<<<<<<<<<<<<<<<<<<<<<<<<<<<<<<<<<<<< 48.76 fps, dropped buffers: 1
<<<<<<<<<<<<<<<<<<<<<<<<<<<<<<<<<<<<<<<<<<<<<<<<<<<<< 50.07 fps
<<<<<<<<<<<<<<<<<<<<<<<<<<<<<<<<<<<< 47.35 fps, dropped buffers: 2
<<<<<<<<<<<<<<<<<<<<<<<<<<<<<<<<<<<<<<<<<<<<< 46.20 fps, dropped buffers: 1
<<<<<<<<<<<<<<<<<<<<<<<<<<<<<<<<<<<<<<<<<<<<<<<<<<<<<< 47.36 fps
<<<<<<<<<<<<<<<<<<<<<<<<<<<<<<<<<<<<<<<<<<<<<<<<<<<<< 48.76 fps
<<<<<<<<<<<<<<<<<<<<<<<<<<<<<<<<<<<<<<<<<<<<<<<<<<<<< 48.72 fps
<<<<<<<<<<<<<<<<<<<<<<<<<<<<<<<<<<<<<<<<<<<< 48.76 fps, dropped buffers: 2
<<<<<<<<<<<<<<<<<<<<<<<<<<<<<<<<<<<<<<<<<<<< 48.58 fps, dropped buffers: 1
<<<<<<<<<<<<<<<<<<<<<<<<<<<<<<<<<<<<<<<<<<<<< 48.58 fps
<<<<<<<<<<<<<<<<<<<<<<<<<<<<<<<<<<<<<<<<<<<<<<<<<<<<< 47.35 fps, dropped buffers: 1
<<<<<<<<<<<<<<<<<<<<<<<<<<<<<<<<<<<<< 46.04 fps, dropped buffers: 1
<<<<<<<<<<<<<<<<<<<<<<<<<<<<<<<<<<<<<<<<<<<<< 46.04 fps, dropped buffers: 1
<<<<<<<<<<<<<<<<<<<<<<<<<<<<<<<<<<<<<<<<<<<<<<<<<<<<< 47.35 fps
<<<<<<<<<<<<<<<<<<<<<<<<<<<<<<<<<<<<<<<<<<<<<<<<<<<<< 48.76 fps
<<<<<<<<<<<<<<<<<<<<<<<<<<<<<<<<<<<<<<<<<<<<<<<<<<< 47.51 fps, dropped buffers: 1
<<<<<<<<<<<<<<<<<<<<<<<<<<<<<<<<<<<<< 48.20 fps
<<<<<<<<<<<<<<<<<<<<<<<<<<<<<<<<<<<<<<<<<<<<<<<<<<<<< 49.48 fps
<<<<<<<<<<<<<<<<<<<<<<<<<<<<<<<<<<<<<<<<<<<< 48.02 fps, dropped buffers: 1
<<<<<<<<<<<<<<<<<<<<<<<<<<<<<<<<<<<<<<<<<<<<< 46.82 fps, dropped buffers: 1
<<<<<<<<<<<<<<<<<<<<<<<<<<<<<<<<<<<<<<<<<<<<<<<<<<<<< 46.82 fps
<<<<<<<<<<<<<<<<<<<<<<<<<<<<<<<<<<<<<<<<<<<<< 48.66 fps, dropped buffers: 1
<<<<<<<<<<<<<<<<<<<<<<<<<<<<<<<<<<<<<<<<<<<<<< 47.53 fps, dropped buffers: 1
<<<<<<<<<<<<<<<<<<<<<<<<<<<<<<<<< 45.26 fps, dropped buffers: 3
<<<<<<<<<<<<<<<<<<<<<<<<<<<<<<<<<<<<<<<<<<<<<<<< 46.36 fps
<<<<<<<<<<<<<<<<<<<<<<<<<<<<<<<<<<<<<<<<<<<<<<<<<<<<< 46.36 fps
<<<<<<<<<<<<<<<<<<<<<<<<<<<<<<<<<<<<<<<<<<<<<< 46.36 fps, dropped buffers: 1
<<<<<<<<<<<<<<<<<<<<<<<<<<<<<<<<<<<<<<<<<<<<<<<<<<<<< 47.53 fps
<<<<<<<<<<<<<<<<<<<<<<<<<<<<<<<<<<<<<<<<<<<<< 50.27 fps, dropped buffers: 1
<<<<<<<<<<<<<<<<<<<<<<<<<<<<<<<<<<<<<<<<<<<<< 48.95 fps, dropped buffers: 1
<<<<<<<<<<<<<<<<<<<<<<<<<<<<<<<<<<<<<<<<<<<<<<<<<<<<< 48.95 fps
<<<<<<<<<<<<<<<<<<<<<<<<<<<<<<<<<<<<<34525 != 598878
<8192 != 598878
<8192 != 598878
<8192 != 596820
<8192 != 596820
<8192 != 596820
<8192 != 596820
< 48.76 fps, dropped buffers: 1
8192 != 598878
<8192 != 596820
<8192 != 598878
<8192 != 596820
<8192 != 594762
<8192 != 596820
<8192 != 596820
<8192 != 594762
<8192 != 596820
<8192 != 596820
<8192 != 596820
<8192 != 596820
<8192 != 596820
<8192 != 596820
<8192 != 596820
<8192 != 596820
<8192 != 596820
<8192 != 596820
<8192 != 596820
<8192 != 596820
<8192 != 596820
<8192 != 596820
<8192 != 598878
<8192 != 596820
<8192 != 594762
<8192 != 596820
<8192 != 596820
<8192 != 596820
<8192 != 594762
<8192 != 594762
<8192 != 594762
<8192 != 594762
<8192 != 594762
<8192 != 594762
<8192 != 594762
<8192 != 592704
<8192 != 592704
<8192 != 592704
<8192 != 592704
<8192 != 592704
<8192 != 592704
<8192 != 592704
<8192 != 592704
<8192 != 592704
<8192 != 592704
<8192 != 592704
<8192 != 594762
<8192 != 594762
<8192 != 594762
<8192 != 594762
<8192 != 592704
<8192 != 594762
<8192 != 594762
<8192 != 594762
< 48.76 fps
8192 != 594762
<8192 != 592704
<8192 != 592704
<8192 != 592704
<8192 != 592704
<8192 != 594762
<8192 != 594762
<8192 != 594762
<8192 != 594762
<8192 != 592704
<8192 != 594762
<8192 != 594762
<8192 != 592704
<8192 != 592704
<8192 != 592704
<8192 != 592704
<8192 != 592704
<8192 != 592704
<8192 != 590646
<8192 != 590646
<8192 != 590646
<8192 != 592704
<8192 != 590646
<8192 != 592704
<8192 != 592704
<8192 != 592704
<8192 != 594762
<8192 != 594762
<8192 != 594762
<8192 != 592704
<8192 != 592704
<8192 != 590646
<8192 != 590646
<8192 != 590646
<8192 != 590646
<8192 != 590646
<8192 != 590646
<8192 != 590646
<8192 != 590646
<8192 != 592704
<8192 != 592704
<8192 != 592704
<8192 != 592704
<8192 != 590646
<8192 != 592704
<8192 != 590646
<8192 != 588588
<8192 != 590646
<8192 != 588588
<8192 != 588588
<8192 != 588588
<8192 != 590646
<8192 != 590646
< 51.54 fps
8192 != 590646
<8192 != 590646
<8192 != 590646
<8192 != 590646
<8192 != 590646
<8192 != 590646
<8192 != 590646
<8192 != 590646
<8192 != 590646
<8192 != 590646
<8192 != 590646
<8192 != 590646
<8192 != 590646
<8192 != 588588
<8192 != 590646
<8192 != 590646
<8192 != 590646
<8192 != 590646
<8192 != 590646
<8192 != 590646
<8192 != 590646
<8192 != 590646
<8192 != 590646
<8192 != 590646
<8192 != 590646
<8192 != 590646
<8192 != 590646
<8192 != 592704
<8192 != 590646
<8192 != 590646
<8192 != 592704
<8192 != 590646
<8192 != 590646
<8192 != 590646
<8192 != 590646
<8192 != 590646
<8192 != 590646
<8192 != 590646
<8192 != 588588
<8192 != 590646
<8192 != 590646
<8192 != 588588
<8192 != 588588
<8192 != 588588
<8192 != 588588
<8192 != 588588
<8192 != 590646
<8192 != 590646
<8192 != 590646
<8192 != 590646
<8192 != 588588
<8192 != 588588
<8192 != 590646
< 51.47 fps
8192 != 590646
<8192 != 588588
<8192 != 590646
<8192 != 588588
<8192 != 588588
<8192 != 588588
<8192 != 590646
<8192 != 588588
<8192 != 588588
<8192 != 588588
<8192 != 588588
<8192 != 588588
<8192 != 588588
<8192 != 588588
<8192 != 588588
<8192 != 588588
<8192 != 588588
<8192 != 588588
<8192 != 588588
<8192 != 588588
<8192 != 588588
<8192 != 588588
<8192 != 588588
<8192 != 588588
<8192 != 588588
<8192 != 590646
<8192 != 590646
<8192 != 588588
<8192 != 588588
<8192 != 588588
<8192 != 588588
<8192 != 588588
<8192 != 588588
<8192 != 588588
<8192 != 588588
<8192 != 586530
<8192 != 588588
<8192 != 588588
<8192 != 588588
<8192 != 588588
<8192 != 590646
<8192 != 590646
<8192 != 590646
<8192 != 590646
<8192 != 588588
<8192 != 590646
<8192 != 590646
<8192 != 590646
<8192 != 588588
<8192 != 590646
<8192 != 590646
<8192 != 590646
<8192 != 590646
< 51.47 fps
8192 != 590646
<8192 != 590646
<8192 != 590646
<8192 != 590646
<8192 != 588588
<8192 != 588588
<8192 != 588588
<8192 != 590646
<8192 != 590646
<8192 != 588588
<8192 != 588588
<8192 != 588588
<8192 != 588588
<8192 != 588588
<8192 != 588588
<8192 != 588588
<8192 != 588588
<8192 != 588588
<8192 != 590646
<8192 != 590646
<8192 != 590646
<8192 != 588588
<8192 != 588588
<8192 != 588588
<8192 != 588588
<8192 != 590646
<8192 != 590646
<8192 != 588588
<8192 != 590646
<8192 != 588588
<8192 != 590646
<8192 != 590646
<8192 != 588588
<8192 != 588588
<8192 != 588588
<8192 != 590646
<8192 != 590646
<8192 != 590646
<8192 != 588588
<8192 != 588588
<8192 != 552240
<8192 != 553830
<8192 != 588588
<8192 != 590646
< 51.47 fps, dropped buffers: 1
8192 != 590646
<8192 != 590646
<8192 != 590646
<8192 != 590646
<8192 != 590646
<8192 != 590646
<8192 != 592704
<8192 != 590646
<8192 != 590646
<8192 != 590646
<8192 != 590646
<8192 != 590646
<8192 != 402156
<8192 != 590646
<8192 != 592704
<8192 != 592704
<8192 != 592704
<8192 != 590646
<8192 != 590646
<8192 != 590646
<8192 != 590646
<8192 != 590646
<8192 != 590646
<8192 != 590646
<8192 != 590646
<8192 != 590646
<8192 != 590646
<8192 != 592704
<8192 != 590646
<8192 != 590646
<8192 != 588588
<8192 != 590646
<8192 != 590646
<8192 != 590646
<8192 != 590646
<8192 != 590646
<8192 != 590646
<8192 != 590646
<8192 != 592704
<8192 != 590646
<8192 != 590646
<8192 != 590646
<8192 != 590646
<8192 != 590646
<8192 != 590646
<8192 != 592704
<8192 != 590646
<8192 != 590646
<8192 != 590646
<8192 != 590646
<8192 != 590646
<8192 != 590646
<8192 != 592704
< 51.47 fps
8192 != 592704
<8192 != 592704
<8192 != 590646
<8192 != 590646
<8192 != 590646
<8192 != 590646
<8192 != 590646
<8192 != 592704
<8192 != 592704
<8192 != 592704
<8192 != 592704
<8192 != 592704
<8192 != 592704
<8192 != 592704
<8192 != 592704
<8192 != 592704
<8192 != 592704
<8192 != 592704
<8192 != 592704
<8192 != 592704
<8192 != 592704
<8192 != 592704
<8192 != 592704
<8192 != 592704
<8192 != 592704
<8192 != 592704
<8192 != 592704
<8192 != 592704
<8192 != 592704
<8192 != 592704
<8192 != 592704
<8192 != 592704
<8192 != 592704
<8192 != 590646
<8192 != 592704
<8192 != 590646
<8192 != 590646
<8192 != 592704
<8192 != 590646
<8192 != 592704
<8192 != 592704
<8192 != 592704
<8192 != 592704
<8192 != 592704
<8192 != 592704
<8192 != 592704
<8192 != 592704
<8192 != 592704
<8192 != 590646
<8192 != 590646
<8192 != 592704
<8192 != 592704
<8192 != 592704
<8192 != 592704
< 51.47 fps
8192 != 592704
<8192 != 592704
<8192 != 592704
<8192 != 592704
<8192 != 592704
<8192 != 592704
<8192 != 592704
<8192 != 590646
<8192 != 590646
<8192 != 592704
<8192 != 592704
<8192 != 592704
<8192 != 592704
<8192 != 592704
<8192 != 592704
<8192 != 592704
<8192 != 592704
<8192 != 592704
<8192 != 592704
<8192 != 592704
<8192 != 592704
<8192 != 592704
<8192 != 592704
<8192 != 592704
<8192 != 592704
<8192 != 592704
<8192 != 592704
<8192 != 592704
<8192 != 592704
<8192 != 592704
<8192 != 592704
<8192 != 592704
<8192 != 592704
<8192 != 592704
<8192 != 592704
<8192 != 592704
<8192 != 590646
<8192 != 590646
<8192 != 592704
<8192 != 592704
<8192 != 592704
<8192 != 592704
<8192 != 592704
<8192 != 592704
<8192 != 592704
<8192 != 594762
<8192 != 592704
<8192 != 594762
<8192 != 592704
<8192 != 594762
<8192 != 594762
<8192 != 594762
<8192 != 594762
< 51.47 fps
8192 != 594762
<8192 != 594762
<8192 != 594762
<8192 != 594762
<8192 != 594762
<8192 != 594762
<8192 != 594762
<8192 != 594762
<8192 != 594762
<8192 != 592704
<8192 != 592704
<8192 != 592704
<8192 != 594762
<8192 != 594762
<8192 != 594762
<8192 != 594762
<8192 != 594762
<8192 != 594762
<8192 != 594762
<8192 != 594762
<8192 != 594762
<8192 != 594762
<8192 != 594762
<8192 != 594762
<8192 != 592704
<8192 != 592704
<8192 != 594762
<8192 != 594762
<8192 != 594762
<8192 != 594762
<8192 != 594762
<8192 != 594762
<8192 != 594762
<8192 != 592704
<8192 != 594762
<8192 != 592704
<8192 != 594762
<8192 != 594762
<8192 != 592704
<8192 != 594762
<8192 != 592704
<8192 != 592704
<8192 != 592704
<8192 != 592704
<8192 != 594762
<8192 != 594762
<8192 != 594762
<8192 != 594762
<8192 != 594762
<8192 != 594762
<8192 != 594762
<8192 != 594762
<8192 != 594762
< 51.47 fps
8192 != 594762
<8192 != 594762
<8192 != 594762
<8192 != 594762
<8192 != 594762
<8192 != 594762
<8192 != 594762
<8192 != 594762
<8192 != 594762
<8192 != 594762
<8192 != 594762
<8192 != 594762
<8192 != 594762
<8192 != 594762
<8192 != 594762
<8192 != 594762
<8192 != 594762
<8192 != 594762
<8192 != 594762
<8192 != 594762
<8192 != 594762
<8192 != 594762
<8192 != 594762
<8192 != 594762
<8192 != 596820
<8192 != 594762
<8192 != 596820
<8192 != 594762
<8192 != 594762
<8192 != 594762
<8192 != 596820
<8192 != 596820
<8192 != 596820
<8192 != 594762
<8192 != 594762
<8192 != 596820
<8192 != 594762
<8192 != 594762
<8192 != 594762
<8192 != 594762
<8192 != 594762
<8192 != 594762
<8192 != 594762
<8192 != 594762
<8192 != 594762
<8192 != 594762
<8192 != 594762
<8192 != 594762
<8192 != 594762
<8192 != 594762
<8192 != 594762
<8192 != 592704
<8192 != 594762
< 53.18 fps
8192 != 594762
<8192 != 592704
<8192 != 592704
<8192 != 592704
<8192 != 592704
<8192 != 594762
<8192 != 594762
<8192 != 592704
<8192 != 594762
<8192 != 594762
<8192 != 594762
<8192 != 594762
<8192 != 592704
<8192 != 592704
<8192 != 592704
<8192 != 592704
<8192 != 592704
<8192 != 592704
<8192 != 592704
<8192 != 592704
<8192 != 592704
<8192 != 592704
<8192 != 592704
<8192 != 592704
<8192 != 590646
<8192 != 590646
<8192 != 592704
<8192 != 592704
<8192 != 592704
<8192 != 592704
<8192 != 592704
<8192 != 590646
<8192 != 592704
<8192 != 590646
<8192 != 590646
<8192 != 592704
<8192 != 590646
<8192 != 590646
<8192 != 590646
<8192 != 590646
<8192 != 590646
<8192 != 590646
<8192 != 590646
<8192 != 590646
<8192 != 590646
<8192 != 590646
<8192 != 592704
<8192 != 590646
<8192 != 590646
<8192 != 590646
<8192 != 592704
<8192 != 592704
<8192 != 592704
< 53.18 fps
8192 != 592704
<8192 != 592704
<8192 != 592704
<8192 != 592704
<8192 != 592704
<8192 != 592704
<8192 != 592704
<8192 != 592704
<8192 != 592704
<8192 != 590646
<8192 != 592704
<8192 != 592704
<8192 != 592704
<8192 != 592704
<8192 != 590646
<8192 != 590646
<8192 != 590646
<8192 != 590646
<8192 != 590646
<8192 != 590646
<8192 != 592704
<8192 != 592704
<8192 != 592704
<8192 != 592704
<8192 != 592704
<8192 != 592704
<8192 != 592704
<8192 != 590646
<8192 != 592704
<8192 != 592704
<8192 != 592704
<8192 != 592704
<8192 != 592704
<8192 != 592704
<8192 != 592704
<8192 != 592704
<8192 != 592704
<8192 != 590646
<8192 != 592704
<8192 != 592704
<8192 != 592704
<8192 != 592704
<8192 != 590646
<8192 != 592704
<8192 != 590646
<8192 != 590646
<8192 != 590646
<8192 != 590646
<8192 != 590646
<8192 != 590646
<8192 != 590646
<8192 != 590646
<8192 != 592704
<8192 != 590646
< 53.18 fps
8192 != 592704
<8192 != 592704
<8192 != 590646
<8192 != 592704
<8192 != 592704
<8192 != 592704
<8192 != 592704
<8192 != 592704
<8192 != 592704
<8192 != 592704
<8192 != 592704
<8192 != 592704
<8192 != 592704
<8192 != 592704
<8192 != 592704
<8192 != 592704
<8192 != 592704
<8192 != 592704
<8192 != 592704
<8192 != 592704
<8192 != 592704
<8192 != 592704
<8192 != 592704
<8192 != 592704
<8192 != 592704
<8192 != 592704
<8192 != 590646
<8192 != 592704
<8192 != 592704
<8192 != 592704
<8192 != 592704
<8192 != 590646
<8192 != 590646
<8192 != 590646
<8192 != 590646
<8192 != 590646
<8192 != 590646
<8192 != 590646
<8192 != 590646
<8192 != 590646
<8192 != 590646
<8192 != 588588
<8192 != 590646
<8192 != 590646
<8192 != 590646
<8192 != 590646
<8192 != 592704
<8192 != 590646
<8192 != 592704
<8192 != 592704
<8192 != 592704
<8192 != 590646
<8192 != 590646
< 53.18 fps
8192 != 590646
<8192 != 592704
<8192 != 592704
<8192 != 592704
<8192 != 590646
<8192 != 592704
<8192 != 590646
<8192 != 590646
<8192 != 590646
<8192 != 590646
<8192 != 590646
<8192 != 592704
<8192 != 590646
<8192 != 592704
<8192 != 592704
<8192 != 592704
<8192 != 592704
<8192 != 592704
<8192 != 592704
<8192 != 592704
<8192 != 592704
<8192 != 592704
<8192 != 592704
<8192 != 590646
<8192 != 592704
<8192 != 592704
<8192 != 592704
<8192 != 592704
<8192 != 592704
<8192 != 592704
<8192 != 592704
<8192 != 592704
<8192 != 592704
<8192 != 592704
<8192 != 592704
<8192 != 590646
<8192 != 592704
<8192 != 592704
<8192 != 592704
<8192 != 592704
<8192 != 592704
<8192 != 592704
<8192 != 592704
<8192 != 592704
<8192 != 592704
<8192 != 592704
<8192 != 592704
<8192 != 592704
<8192 != 592704
<8192 != 592704
<8192 != 592704
<8192 != 592704
<8192 != 592704
< 53.18 fps
8192 != 592704
<8192 != 592704
<8192 != 592704
<8192 != 592704
<8192 != 592704
<8192 != 592704
<8192 != 592704
<8192 != 594762
<8192 != 592704
<8192 != 592704
<8192 != 592704
<8192 != 592704
<8192 != 592704
<8192 != 592704
<8192 != 592704
<8192 != 592704
<8192 != 592704
<8192 != 592704
<8192 != 592704
<8192 != 592704
<8192 != 592704
<8192 != 590646
<8192 != 592704
<8192 != 592704
<8192 != 590646
<8192 != 592704
<8192 != 590646
<8192 != 590646
<8192 != 590646
<8192 != 590646
<8192 != 590646
<8192 != 590646
<8192 != 592704
<8192 != 590646
<8192 != 590646
<8192 != 592704
<8192 != 592704
<8192 != 592704
<8192 != 592704
<8192 != 592704
<8192 != 592704
<8192 != 592704
<8192 != 592704
<8192 != 592704
<8192 != 592704
<8192 != 592704
<8192 != 592704
<8192 != 592704
<8192 != 594762
<8192 != 592704
<8192 != 592704
<8192 != 592704
<8192 != 592704
< 53.18 fps
8192 != 594762
<8192 != 592704
<8192 != 594762
<8192 != 594762
<8192 != 594762
<8192 != 592704
<8192 != 592704
<8192 != 592704
<8192 != 594762
<8192 != 592704
<8192 != 592704
<8192 != 592704
<8192 != 592704
<8192 != 592704
<8192 != 592704
<8192 != 590646
<8192 != 592704
<8192 != 590646
<8192 != 590646
<8192 != 592704
<8192 != 592704
<8192 != 592704
<8192 != 592704
<8192 != 592704
<8192 != 592704
<8192 != 592704
<8192 != 592704
<8192 != 592704
<8192 != 590646
<8192 != 592704
<8192 != 592704
<8192 != 592704
<8192 != 590646
<8192 != 590646
<8192 != 590646
<8192 != 590646
<8192 != 592704
<8192 != 590646
<8192 != 590646
<8192 != 592704
<8192 != 590646
<8192 != 592704
<8192 != 590646
<8192 != 590646
<8192 != 592704
<8192 != 590646
<8192 != 592704
<8192 != 592704
<8192 != 592704
<8192 != 592704
<8192 != 592704
<8192 != 592704
<8192 != 592704
< 53.18 fps
8192 != 592704
<8192 != 590646
<8192 != 592704
<8192 != 592704
<8192 != 592704
<8192 != 592704
<8192 != 590646
<8192 != 590646
<8192 != 592704
<8192 != 592704
<8192 != 592704
<8192 != 592704
<8192 != 590646
<8192 != 590646
<8192 != 592704
<8192 != 592704
<8192 != 592704
<8192 != 592704
<8192 != 592704
<8192 != 592704
<8192 != 592704
<8192 != 592704
<8192 != 592704
<8192 != 592704
<8192 != 592704
<8192 != 592704
<8192 != 592704
<8192 != 592704
<8192 != 592704
<8192 != 592704
<8192 != 590646
<8192 != 592704
<8192 != 592704
<8192 != 592704
<8192 != 592704
<8192 != 592704
<8192 != 592704
<8192 != 592704
<8192 != 592704
<8192 != 592704
<8192 != 592704
<8192 != 592704
<8192 != 592704
<8192 != 592704
<8192 != 592704
<8192 != 592704
<8192 != 592704
<8192 != 592704
<8192 != 592704
<8192 != 592704
<8192 != 592704
<8192 != 592704
<8192 != 592704
< 53.18 fps
8192 != 592704
<8192 != 592704
<8192 != 592704
<8192 != 592704
<8192 != 592704
<8192 != 592704
<8192 != 592704
<8192 != 592704
<8192 != 592704
<8192 != 592704
<8192 != 594762
<8192 != 592704
<8192 != 592704
<8192 != 592704
<8192 != 592704
<8192 != 592704
<8192 != 592704
<8192 != 592704
<8192 != 592704
<8192 != 592704
<8192 != 592704
<8192 != 592704
<8192 != 592704
<8192 != 590646
<8192 != 590646
<8192 != 590646
<8192 != 592704
<8192 != 590646
<8192 != 590646
<8192 != 590646
<8192 != 590646
<8192 != 590646
<8192 != 592704
<8192 != 590646
<8192 != 590646
<8192 != 590646
<8192 != 592704
<8192 != 592704
<8192 != 592704
<8192 != 590646
<8192 != 590646
<8192 != 592704
<8192 != 592704
<8192 != 592704
<8192 != 590646
<8192 != 590646
<8192 != 590646
<8192 != 592704
<8192 != 592704
<8192 != 592704
<8192 != 592704
<8192 != 592704
<8192 != 592704
<8192 != 592704
< 53.18 fps
8192 != 590646
<8192 != 592704
<8192 != 590646
<8192 != 590646
<8192 != 590646
<8192 != 590646
<8192 != 588588
<8192 != 590646
<8192 != 592704
<8192 != 590646
<8192 != 590646
<8192 != 590646
<8192 != 590646
<8192 != 592704
<8192 != 590646
<8192 != 590646
<8192 != 590646
<8192 != 592704
<8192 != 592704
<8192 != 592704
<8192 != 590646
<8192 != 590646
<8192 != 590646
<8192 != 590646
<8192 != 590646
<8192 != 590646
<8192 != 590646
<8192 != 590646
<8192 != 590646
<8192 != 590646
<8192 != 590646
<8192 != 590646
<8192 != 592704
<8192 != 590646
<8192 != 590646
<8192 != 590646
<8192 != 590646
<8192 != 590646
<8192 != 590646
<8192 != 592704
<8192 != 592704
<8192 != 592704
<8192 != 590646
<8192 != 592704
<8192 != 592704
<8192 != 592704
<8192 != 590646
<8192 != 592704
<8192 != 590646
<8192 != 590646
<8192 != 592704
<8192 != 592704
<8192 != 592704
< 53.18 fps
8192 != 592704
<8192 != 592704
<8192 != 592704
<8192 != 590646
<8192 != 592704
<8192 != 590646
<8192 != 592704
<8192 != 590646
<8192 != 592704
<8192 != 592704
<8192 != 592704
<8192 != 590646
<8192 != 590646
<8192 != 592704
<8192 != 590646
<8192 != 590646
<8192 != 590646
<8192 != 592704
<8192 != 590646
<8192 != 590646
<8192 != 590646
<8192 != 590646
<8192 != 592704
<8192 != 592704
<8192 != 592704
<8192 != 592704
<8192 != 592704
<8192 != 592704
<8192 != 592704
<8192 != 594762
<8192 != 592704
<8192 != 592704
<8192 != 592704
<8192 != 592704
<8192 != 592704
<8192 != 592704
<8192 != 590646
<8192 != 592704
<8192 != 592704
<8192 != 590646
<8192 != 592704
<8192 != 592704
<8192 != 592704
<8192 != 592704
<8192 != 592704
<8192 != 592704
<8192 != 592704
<8192 != 592704
<8192 != 592704
<8192 != 592704
<8192 != 590646
<8192 != 592704
<8192 != 592704
< 53.18 fps
8192 != 590646
<8192 != 590646
<8192 != 590646
<8192 != 592704
<8192 != 592704
<8192 != 592704
<8192 != 590646
<8192 != 592704
<8192 != 590646
<8192 != 590646
<8192 != 590646
<8192 != 590646
<8192 != 590646
<8192 != 590646
<8192 != 590646
<8192 != 590646
<8192 != 590646
<8192 != 590646
<8192 != 590646
<8192 != 590646
<8192 != 590646
<8192 != 590646
<8192 != 592704
<8192 != 590646
<8192 != 590646
<8192 != 590646
<8192 != 590646
<8192 != 590646
<8192 != 590646
<8192 != 590646
<8192 != 592704
<8192 != 592704
<8192 != 590646
<8192 != 590646
<8192 != 590646
<8192 != 590646
<8192 != 590646
<8192 != 590646
<8192 != 590646
<8192 != 590646
<8192 != 590646
<8192 != 590646
<8192 != 590646
<8192 != 590646
<8192 != 590646
<8192 != 588588
<8192 != 590646
<8192 != 590646
<8192 != 590646
<8192 != 588588
<8192 != 590646
<8192 != 590646
<8192 != 590646
< 53.18 fps
8192 != 588588
<8192 != 590646
<8192 != 588588
<8192 != 590646
<8192 != 590646
<8192 != 590646
<8192 != 590646
<8192 != 590646
<8192 != 590646
<8192 != 590646
<8192 != 590646
<8192 != 592704
<8192 != 592704
<8192 != 592704
<8192 != 590646
<8192 != 590646
<8192 != 590646
<8192 != 590646
<8192 != 590646
<8192 != 590646
<8192 != 590646
<8192 != 590646
<8192 != 590646
<8192 != 590646
<8192 != 590646
<8192 != 590646
<8192 != 590646
<8192 != 590646
<8192 != 590646
<8192 != 590646
<8192 != 590646
<8192 != 592704
<8192 != 592704
<8192 != 590646
<8192 != 590646
<8192 != 590646
<8192 != 592704
<8192 != 590646
<8192 != 592704
<8192 != 592704
<8192 != 592704
<8192 != 592704
<8192 != 592704
<8192 != 592704
<8192 != 592704
<8192 != 592704
<8192 != 592704
<8192 != 590646
<8192 != 592704
<8192 != 590646
<8192 != 590646
<8192 != 592704
<8192 != 592704
< 53.18 fps
8192 != 592704
<8192 != 592704
<8192 != 592704
<8192 != 592704
<8192 != 592704
<8192 != 592704
<8192 != 592704
<8192 != 592704
<8192 != 592704
<8192 != 592704
<8192 != 592704
<8192 != 592704
<8192 != 592704
<8192 != 592704
<8192 != 592704
<8192 != 592704
<8192 != 592704
<8192 != 590646
<8192 != 592704
<8192 != 592704
<8192 != 592704
<8192 != 592704
<8192 != 592704
<8192 != 592704
<8192 != 590646
<8192 != 592704
<8192 != 592704
<8192 != 592704
<8192 != 592704
<8192 != 592704
<8192 != 592704
<8192 != 592704
<8192 != 592704
<8192 != 590646
<8192 != 590646
<8192 != 590646
<8192 != 590646
<8192 != 590646
<8192 != 590646
<8192 != 590646
<8192 != 590646
<8192 != 590646
<8192 != 590646
<8192 != 590646
<8192 != 590646
<8192 != 590646
<8192 != 590646
<8192 != 590646
<8192 != 592704
<8192 != 592704
<8192 != 592704
<8192 != 592704
<8192 != 592704
< 53.18 fps
8192 != 592704
<8192 != 590646
<8192 != 590646
<8192 != 590646
<8192 != 592704
<8192 != 590646
<8192 != 592704
<8192 != 590646
<8192 != 592704
<8192 != 592704
<8192 != 592704
<8192 != 592704
<8192 != 592704
<8192 != 592704
<8192 != 592704
<8192 != 592704
<8192 != 590646
<8192 != 590646
<8192 != 590646
<8192 != 590646
<8192 != 590646
<8192 != 590646
<8192 != 592704
<8192 != 590646
<8192 != 590646
<8192 != 592704
<8192 != 592704
<8192 != 592704
<8192 != 592704
<8192 != 590646
<8192 != 592704
<8192 != 592704
<8192 != 592704
<8192 != 592704
<8192 != 592704
<8192 != 592704
<8192 != 592704
<8192 != 590646
<8192 != 590646
<8192 != 592704
<8192 != 592704
<8192 != 592704
<8192 != 592704
<8192 != 592704
<8192 != 592704
<8192 != 592704
<8192 != 592704
<8192 != 592704
<8192 != 592704
<8192 != 592704
<8192 != 592704
<8192 != 592704
<8192 != 592704
<8192 != 592704
< 53.18 fps
8192 != 592704
<8192 != 592704
<8192 != 590646
<8192 != 590646
<8192 != 590646
<8192 != 590646
<8192 != 590646
<8192 != 590646
<8192 != 590646
<8192 != 590646
<8192 != 590646
<8192 != 590646
<8192 != 590646
<8192 != 590646
<8192 != 590646
<8192 != 590646
<8192 != 590646
<8192 != 590646
<8192 != 590646
<8192 != 590646
<8192 != 592704
<8192 != 590646
<8192 != 592704
<8192 != 590646
<8192 != 590646
<8192 != 590646
<8192 != 590646
<8192 != 590646
<8192 != 590646
<8192 != 590646
<8192 != 590646
<8192 != 590646
<8192 != 590646
<8192 != 592704
<8192 != 590646
<8192 != 590646
<8192 != 590646
<8192 != 590646
<8192 != 590646
<8192 != 590646
<8192 != 590646
<8192 != 590646
<8192 != 590646
<8192 != 590646
<8192 != 590646
<8192 != 590646
<8192 != 590646
<8192 != 590646
<8192 != 592704
<8192 != 592704
<8192 != 592704
<8192 != 590646
<8192 != 590646
< 53.18 fps
8192 != 592704
<8192 != 592704
<8192 != 590646
<8192 != 590646
<8192 != 592704
<8192 != 592704
<8192 != 590646
<8192 != 592704
<8192 != 592704
<8192 != 592704
<8192 != 592704
<8192 != 592704
<8192 != 592704
<8192 != 592704
<8192 != 592704
<8192 != 592704
<8192 != 594762
<8192 != 592704
<8192 != 592704
<8192 != 592704
<8192 != 594762
<8192 != 592704
<8192 != 592704
<8192 != 592704
<8192 != 592704
<8192 != 592704
<8192 != 592704
<8192 != 592704
<8192 != 592704
<8192 != 592704
<8192 != 592704
<8192 != 592704
<8192 != 592704
<8192 != 592704
<8192 != 592704
<8192 != 592704
<8192 != 592704
<8192 != 592704
<8192 != 592704
<8192 != 592704
<8192 != 592704
<8192 != 592704
<8192 != 592704
<8192 != 592704
<8192 != 592704
<8192 != 592704
<8192 != 592704
<8192 != 592704
<8192 != 592704
<8192 != 592704
<8192 != 592704
<8192 != 592704
<8192 != 592704
< 53.18 fps
8192 != 592704
<Saving file to /media/pi/Video/recordings/05-04-2021_11-58-10.mjpeg
stopping
done
